2025-07-26 16:01:34 Info: [WORKER PID: 1833][default] - starting to process background jobs...
2025-07-26 16:01:34 Info: [WORKER PID: 1836][default] - starting to process background jobs...
2025-07-26 16:01:34 Info: [WORKER PID: 1834][default] - starting to process background jobs...
2025-07-26 16:01:34 Info: [WORKER PID: 1847][email] - starting to process background jobs...
2025-07-26 16:01:34 Info: [WORKER PID: 1934][prio] - starting to process background jobs...
2025-07-26 16:01:34 Info: [WORKER PID: 1863][email] - starting to process background jobs...
2025-07-26 16:01:34 Info: [WORKER PID: 1835][default] - starting to process background jobs...
2025-07-26 16:01:34 Info: [WORKER PID: 1877][email] - starting to process background jobs...
2025-07-26 16:01:34 Info: [WORKER PID: 1837][default] - starting to process background jobs...
2025-07-26 16:01:34 Info: [WORKER PID: 1900][cache] - starting to process background jobs...
2025-07-26 16:01:34 Info: [WORKER PID: 1842][email] - starting to process background jobs...
2025-07-26 16:01:34 Info: [WORKER PID: 1870][email] - starting to process background jobs...
2025-07-26 16:01:34 Info: [WORKER PID: 1897][cache] - starting to process background jobs...
2025-07-26 16:01:34 Info: [WORKER PID: 1923][prio] - starting to process background jobs...
2025-07-26 16:01:34 Info: [WORKER PID: 1879][cache] - starting to process background jobs...
2025-07-26 16:01:34 Info: [WORKER PID: 1890][cache] - starting to process background jobs...
2025-07-26 16:01:34 Info: [WORKER PID: 1920][prio] - starting to process background jobs...
2025-07-26 16:01:34 Info: [WORKER PID: 1925][prio] - starting to process background jobs...
2025-07-26 16:01:34 Info: [WORKER PID: 1944][prio] - starting to process background jobs...
2025-07-26 16:01:34 Info: [WORKER PID: 1912][cache] - starting to process background jobs...
2025-07-26 16:01:34 Info: [WORKER PID: 1960][update] - starting to process background jobs...
2025-07-26 17:13:05 Info: [WORKER PID: 1833][default] - starting to process background jobs...
2025-07-26 17:13:04 Info: [WORKER PID: 1840][email] - starting to process background jobs...
2025-07-26 17:13:05 Info: [WORKER PID: 1834][default] - starting to process background jobs...
2025-07-26 17:13:05 Info: [WORKER PID: 1861][email] - starting to process background jobs...
2025-07-26 17:13:05 Info: [WORKER PID: 1843][email] - starting to process background jobs...
2025-07-26 17:13:05 Info: [WORKER PID: 1892][cache] - starting to process background jobs...
2025-07-26 17:13:05 Info: [WORKER PID: 1836][default] - starting to process background jobs...
2025-07-26 17:13:05 Info: [WORKER PID: 1889][email] - starting to process background jobs...
2025-07-26 17:13:05 Info: [WORKER PID: 1837][default] - starting to process background jobs...
2025-07-26 17:13:05 Info: [WORKER PID: 1956][update] - starting to process background jobs...
2025-07-26 17:13:05 Info: [WORKER PID: 1913][cache] - starting to process background jobs...
2025-07-26 17:13:05 Info: [WORKER PID: 1946][prio] - starting to process background jobs...
2025-07-26 17:13:05 Info: [WORKER PID: 1849][email] - starting to process background jobs...
2025-07-26 17:13:05 Info: [WORKER PID: 1835][default] - starting to process background jobs...
2025-07-26 17:13:05 Info: [WORKER PID: 1926][prio] - starting to process background jobs...
2025-07-26 17:13:05 Info: [WORKER PID: 1905][cache] - starting to process background jobs...
2025-07-26 17:13:05 Info: [WORKER PID: 1940][prio] - starting to process background jobs...
2025-07-26 17:13:05 Info: [WORKER PID: 1900][cache] - starting to process background jobs...
2025-07-26 17:13:05 Info: [WORKER PID: 1916][prio] - starting to process background jobs...
2025-07-26 17:13:05 Info: [WORKER PID: 1923][prio] - starting to process background jobs...
2025-07-26 17:13:05 Info: [WORKER PID: 1904][cache] - starting to process background jobs...
2025-07-26 17:25:57 Info: [WORKER PID: 1835][default] - starting to process background jobs...
2025-07-26 17:25:57 Info: [WORKER PID: 1833][default] - starting to process background jobs...
2025-07-26 17:25:57 Info: [WORKER PID: 1867][email] - starting to process background jobs...
2025-07-26 17:25:57 Info: [WORKER PID: 1849][email] - starting to process background jobs...
2025-07-26 17:25:57 Info: [WORKER PID: 1893][cache] - starting to process background jobs...
2025-07-26 17:25:57 Info: [WORKER PID: 1836][default] - starting to process background jobs...
2025-07-26 17:25:57 Info: [WORKER PID: 1935][prio] - starting to process background jobs...
2025-07-26 17:25:57 Info: [WORKER PID: 1834][default] - starting to process background jobs...
2025-07-26 17:25:57 Info: [WORKER PID: 1839][default] - starting to process background jobs...
2025-07-26 17:25:57 Info: [WORKER PID: 1889][cache] - starting to process background jobs...
2025-07-26 17:25:57 Info: [WORKER PID: 1860][email] - starting to process background jobs...
2025-07-26 17:25:57 Info: [WORKER PID: 1880][cache] - starting to process background jobs...
2025-07-26 17:25:57 Info: [WORKER PID: 1872][email] - starting to process background jobs...
2025-07-26 17:25:57 Info: [WORKER PID: 1858][email] - starting to process background jobs...
2025-07-26 17:25:57 Info: [WORKER PID: 1901][cache] - starting to process background jobs...
2025-07-26 17:25:57 Info: [WORKER PID: 1917][prio] - starting to process background jobs...
2025-07-26 17:25:57 Info: [WORKER PID: 1925][prio] - starting to process background jobs...
2025-07-26 17:25:57 Info: [WORKER PID: 1884][cache] - starting to process background jobs...
2025-07-26 17:25:57 Info: [WORKER PID: 1921][prio] - starting to process background jobs...
2025-07-26 17:25:57 Info: [WORKER PID: 1942][prio] - starting to process background jobs...
2025-07-26 17:25:57 Info: [WORKER PID: 1964][update] - starting to process background jobs...
2025-07-26 17:43:05 Info: [WORKER PID: 1865][email] - starting to process background jobs...
2025-07-26 17:43:05 Info: [WORKER PID: 1839][default] - starting to process background jobs...
2025-07-26 17:43:05 Info: [WORKER PID: 1835][default] - starting to process background jobs...
2025-07-26 17:43:05 Info: [WORKER PID: 1880][cache] - starting to process background jobs...
2025-07-26 17:43:05 Info: [WORKER PID: 1843][email] - starting to process background jobs...
2025-07-26 17:43:05 Info: [WORKER PID: 1868][cache] - starting to process background jobs...
2025-07-26 17:43:05 Info: [WORKER PID: 1893][prio] - starting to process background jobs...
2025-07-26 17:43:05 Info: [WORKER PID: 1860][email] - starting to process background jobs...
2025-07-26 17:43:05 Info: [WORKER PID: 1833][default] - starting to process background jobs...
2025-07-26 17:43:05 Info: [WORKER PID: 1836][default] - starting to process background jobs...
2025-07-26 17:43:05 Info: [WORKER PID: 1834][default] - starting to process background jobs...
2025-07-26 17:43:05 Info: [WORKER PID: 1913][prio] - starting to process background jobs...
2025-07-26 17:43:05 Info: [WORKER PID: 1890][cache] - starting to process background jobs...
2025-07-26 17:43:05 Info: [WORKER PID: 1898][prio] - starting to process background jobs...
2025-07-26 17:43:05 Info: [WORKER PID: 1936][prio] - starting to process background jobs...
2025-07-26 17:43:05 Info: [WORKER PID: 1847][email] - starting to process background jobs...
2025-07-26 17:43:05 Info: [WORKER PID: 1923][prio] - starting to process background jobs...
2025-07-26 17:43:05 Info: [WORKER PID: 1853][email] - starting to process background jobs...
2025-07-26 17:43:05 Info: [WORKER PID: 1886][cache] - starting to process background jobs...
2025-07-26 17:43:05 Info: [WORKER PID: 1874][cache] - starting to process background jobs...
2025-07-26 17:43:05 Info: [WORKER PID: 1956][update] - starting to process background jobs...
2025-07-26 19:21:21 Info: [WORKER PID: 1876][email] - starting to process background jobs...
2025-07-26 19:21:21 Info: [WORKER PID: 1833][default] - starting to process background jobs...
2025-07-26 19:21:21 Info: [WORKER PID: 1835][default] - starting to process background jobs...
2025-07-26 19:21:21 Info: [WORKER PID: 1834][default] - starting to process background jobs...
2025-07-26 19:21:21 Info: [WORKER PID: 1840][default] - starting to process background jobs...
2025-07-26 19:21:21 Info: [WORKER PID: 1847][email] - starting to process background jobs...
2025-07-26 19:21:21 Info: [WORKER PID: 1961][prio] - starting to process background jobs...
2025-07-26 19:21:21 Info: [WORKER PID: 1882][email] - starting to process background jobs...
2025-07-26 19:21:21 Info: [WORKER PID: 1917][cache] - starting to process background jobs...
2025-07-26 19:21:21 Info: [WORKER PID: 1913][cache] - starting to process background jobs...
2025-07-26 19:21:21 Info: [WORKER PID: 1836][default] - starting to process background jobs...
2025-07-26 19:21:21 Info: [WORKER PID: 1854][email] - starting to process background jobs...
2025-07-26 19:21:21 Info: [WORKER PID: 1947][prio] - starting to process background jobs...
2025-07-26 19:21:21 Info: [WORKER PID: 1842][email] - starting to process background jobs...
2025-07-26 19:21:21 Info: [WORKER PID: 1894][cache] - starting to process background jobs...
2025-07-26 19:21:21 Info: [WORKER PID: 1936][prio] - starting to process background jobs...
2025-07-26 19:21:21 Info: [WORKER PID: 1905][cache] - starting to process background jobs...
2025-07-26 19:21:21 Info: [WORKER PID: 1900][cache] - starting to process background jobs...
2025-07-26 19:21:21 Info: [WORKER PID: 1970][update] - starting to process background jobs...
2025-07-26 19:21:21 Info: [WORKER PID: 1926][prio] - starting to process background jobs...
2025-07-26 19:21:21 Info: [WORKER PID: 1967][prio] - starting to process background jobs...
2025-07-31 11:09:22 Info: [WORKER PID: 1881][default] - starting to process background jobs...
2025-07-31 11:09:22 Info: [WORKER PID: 1882][default] - starting to process background jobs...
2025-07-31 11:09:22 Info: [WORKER PID: 1883][default] - starting to process background jobs...
2025-07-31 11:09:22 Info: [WORKER PID: 1887][default] - starting to process background jobs...
2025-07-31 11:09:22 Info: [WORKER PID: 1901][email] - starting to process background jobs...
2025-07-31 11:09:22 Info: [WORKER PID: 1919][email] - starting to process background jobs...
2025-07-31 11:09:22 Info: [WORKER PID: 1906][email] - starting to process background jobs...
2025-07-31 11:09:22 Info: [WORKER PID: 1924][email] - starting to process background jobs...
2025-07-31 11:09:22 Info: [WORKER PID: 1950][cache] - starting to process background jobs...
2025-07-31 11:09:22 Info: [WORKER PID: 1886][default] - starting to process background jobs...
2025-07-31 11:09:22 Info: [WORKER PID: 1942][cache] - starting to process background jobs...
2025-07-31 11:09:22 Info: [WORKER PID: 1960][cache] - starting to process background jobs...
2025-07-31 11:09:22 Info: [WORKER PID: 1998][prio] - starting to process background jobs...
2025-07-31 11:09:22 Info: [WORKER PID: 1969][cache] - starting to process background jobs...
2025-07-31 11:09:22 Info: [WORKER PID: 1913][email] - starting to process background jobs...
2025-07-31 11:09:22 Info: [WORKER PID: 1995][prio] - starting to process background jobs...
2025-07-31 11:09:22 Info: [WORKER PID: 1934][cache] - starting to process background jobs...
2025-07-31 11:09:22 Info: [WORKER PID: 1977][prio] - starting to process background jobs...
2025-07-31 11:09:22 Info: [WORKER PID: 1999][prio] - starting to process background jobs...
2025-07-31 11:09:22 Info: [WORKER PID: 2007][update] - starting to process background jobs...
2025-07-31 11:09:22 Info: [WORKER PID: 1993][prio] - starting to process background jobs...
2025-08-01 14:14:39 Info: [WORKER PID: 1887][email] - starting to process background jobs...
2025-08-01 14:14:39 Info: [WORKER PID: 2000][update] - starting to process background jobs...
2025-08-01 14:14:40 Info: [WORKER PID: 1879][default] - starting to process background jobs...
2025-08-01 14:14:40 Info: [WORKER PID: 1874][default] - starting to process background jobs...
2025-08-01 14:14:40 Info: [WORKER PID: 1904][email] - starting to process background jobs...
2025-08-01 14:14:40 Info: [WORKER PID: 1873][default] - starting to process background jobs...
2025-08-01 14:14:40 Info: [WORKER PID: 1875][default] - starting to process background jobs...
2025-08-01 14:14:41 Info: [WORKER PID: 1919][email] - starting to process background jobs...
2025-08-01 14:14:41 Info: [WORKER PID: 1931][cache] - starting to process background jobs...
2025-08-01 14:14:41 Info: [WORKER PID: 1882][email] - starting to process background jobs...
2025-08-01 14:14:41 Info: [WORKER PID: 1981][prio] - starting to process background jobs...
2025-08-01 14:14:41 Info: [WORKER PID: 1876][default] - starting to process background jobs...
2025-08-01 14:14:41 Info: [WORKER PID: 1995][prio] - starting to process background jobs...
2025-08-01 14:14:41 Info: [WORKER PID: 1936][cache] - starting to process background jobs...
2025-08-01 14:14:41 Info: [WORKER PID: 1927][email] - starting to process background jobs...
2025-08-01 14:14:41 Info: [WORKER PID: 1988][prio] - starting to process background jobs...
2025-08-01 14:14:41 Info: [WORKER PID: 1991][prio] - starting to process background jobs...
2025-08-01 14:14:41 Info: [WORKER PID: 1949][cache] - starting to process background jobs...
2025-08-01 14:14:41 Info: [WORKER PID: 1942][cache] - starting to process background jobs...
2025-08-01 14:14:41 Info: [WORKER PID: 1972][prio] - starting to process background jobs...
2025-08-01 14:14:41 Info: [WORKER PID: 1957][cache] - starting to process background jobs...
2025-08-01 14:20:56 Info: [WORKER PID: 1889][email] - starting to process background jobs...
2025-08-01 14:20:56 Info: [WORKER PID: 1865][default] - starting to process background jobs...
2025-08-01 14:20:56 Info: [WORKER PID: 1868][default] - starting to process background jobs...
2025-08-01 14:20:56 Info: [WORKER PID: 1917][cache] - starting to process background jobs...
2025-08-01 14:20:57 Info: [WORKER PID: 1899][cache] - starting to process background jobs...
2025-08-01 14:20:57 Info: [WORKER PID: 1883][email] - starting to process background jobs...
2025-08-01 14:20:57 Info: [WORKER PID: 1876][email] - starting to process background jobs...
2025-08-01 14:20:57 Info: [WORKER PID: 1934][prio] - starting to process background jobs...
2025-08-01 14:20:57 Info: [WORKER PID: 1886][email] - starting to process background jobs...
2025-08-01 14:20:57 Info: [WORKER PID: 1927][prio] - starting to process background jobs...
2025-08-01 14:20:57 Info: [WORKER PID: 1999][update] - starting to process background jobs...
2025-08-01 14:20:57 Info: [WORKER PID: 1941][prio] - starting to process background jobs...
2025-08-01 14:20:57 Info: [WORKER PID: 1911][cache] - starting to process background jobs...
2025-08-01 14:20:57 Info: [WORKER PID: 1866][default] - starting to process background jobs...
2025-08-01 14:20:57 Info: [WORKER PID: 1960][prio] - starting to process background jobs...
2025-08-01 14:20:57 Info: [WORKER PID: 1867][default] - starting to process background jobs...
2025-08-01 14:20:57 Info: [WORKER PID: 1873][email] - starting to process background jobs...
2025-08-01 14:20:57 Info: [WORKER PID: 1975][prio] - starting to process background jobs...
2025-08-01 14:20:57 Info: [WORKER PID: 1871][default] - starting to process background jobs...
2025-08-01 14:20:57 Info: [WORKER PID: 1893][cache] - starting to process background jobs...
2025-08-01 14:20:57 Info: [WORKER PID: 1907][cache] - starting to process background jobs...
2025-08-01 22:30:04 Info: [WORKER PID: 45702][prio] - starting to process background jobs...
2025-08-01 22:30:04 Info: [WORKER PID: 45741][email] - starting to process background jobs...
2025-08-01 22:30:04 Info: [WORKER PID: 45803][cache] - starting to process background jobs...
2025-08-01 22:30:04 Info: [WORKER PID: 45699][cache] - starting to process background jobs...
2025-08-01 22:30:04 Info: [WORKER PID: 45769][prio] - starting to process background jobs...
2025-08-01 22:30:04 Info: [WORKER PID: 45701][default] - starting to process background jobs...
2025-08-01 22:30:04 Info: [WORKER PID: 45729][prio] - starting to process background jobs...
2025-08-01 22:30:04 Info: [WORKER PID: 45835][default] - starting to process background jobs...
2025-08-01 22:30:04 Info: [WORKER PID: 45698][cache] - starting to process background jobs...
2025-08-01 22:30:04 Info: [WORKER PID: 45827][email] - starting to process background jobs...
2025-08-01 22:30:04 Info: [WORKER PID: 45703][cache] - starting to process background jobs...
2025-08-01 22:30:04 Info: [WORKER PID: 45734][update] - starting to process background jobs...
2025-08-01 22:30:04 Info: [WORKER PID: 45700][prio] - starting to process background jobs...
2025-08-01 22:30:05 Info: [WORKER PID: 45713][default] - starting to process background jobs...
2025-08-01 22:30:05 Info: [WORKER PID: 45811][prio] - starting to process background jobs...
2025-08-01 22:30:05 Info: [WORKER PID: 45773][default] - starting to process background jobs...
2025-08-01 22:30:05 Info: [WORKER PID: 45772][cache] - starting to process background jobs...
2025-08-01 22:30:05 Info: [WORKER PID: 45838][email] - starting to process background jobs...
2025-08-01 22:30:05 Info: [WORKER PID: 45781][email] - starting to process background jobs...
2025-08-02 10:44:03 Info: [WORKER PID: 1872][default] - starting to process background jobs...
2025-08-02 10:44:03 Info: [WORKER PID: 1873][default] - starting to process background jobs...
2025-08-02 10:44:03 Info: [WORKER PID: 1936][cache] - starting to process background jobs...
2025-08-02 10:44:03 Info: [WORKER PID: 1876][default] - starting to process background jobs...
2025-08-02 10:44:03 Info: [WORKER PID: 1881][email] - starting to process background jobs...
2025-08-02 10:44:03 Info: [WORKER PID: 1939][cache] - starting to process background jobs...
2025-08-02 10:44:03 Info: [WORKER PID: 1892][email] - starting to process background jobs...
2025-08-02 10:44:03 Info: [WORKER PID: 1871][default] - starting to process background jobs...
2025-08-02 10:44:03 Info: [WORKER PID: 1921][email] - starting to process background jobs...
2025-08-02 10:44:04 Info: [WORKER PID: 2004][update] - starting to process background jobs...
2025-08-02 10:44:04 Info: [WORKER PID: 1943][cache] - starting to process background jobs...
2025-08-02 10:44:04 Info: [WORKER PID: 1962][prio] - starting to process background jobs...
2025-08-02 10:44:04 Info: [WORKER PID: 1904][email] - starting to process background jobs...
2025-08-02 10:44:04 Info: [WORKER PID: 1870][default] - starting to process background jobs...
2025-08-02 10:44:04 Info: [WORKER PID: 1995][prio] - starting to process background jobs...
2025-08-02 10:44:04 Info: [WORKER PID: 1879][email] - starting to process background jobs...
2025-08-02 10:44:04 Info: [WORKER PID: 1989][prio] - starting to process background jobs...
2025-08-02 10:44:04 Info: [WORKER PID: 1942][cache] - starting to process background jobs...
2025-08-02 10:44:04 Info: [WORKER PID: 1954][prio] - starting to process background jobs...
2025-08-02 10:44:04 Info: [WORKER PID: 1927][cache] - starting to process background jobs...
2025-08-02 10:44:04 Info: [WORKER PID: 1976][prio] - starting to process background jobs...
2025-08-04 14:35:59 Info: [WORKER PID: 1898][default] - starting to process background jobs...
2025-08-04 14:35:59 Info: [WORKER PID: 1895][default] - starting to process background jobs...
2025-08-04 14:35:59 Info: [WORKER PID: 1896][default] - starting to process background jobs...
2025-08-04 14:35:59 Info: [WORKER PID: 1897][default] - starting to process background jobs...
2025-08-04 14:35:59 Info: [WORKER PID: 1899][default] - starting to process background jobs...
2025-08-04 14:35:59 Info: [WORKER PID: 1900][email] - starting to process background jobs...
2025-08-04 14:35:59 Info: [WORKER PID: 1901][email] - starting to process background jobs...
2025-08-04 14:35:59 Info: [WORKER PID: 1902][email] - starting to process background jobs...
2025-08-04 14:35:59 Info: [WORKER PID: 1904][email] - starting to process background jobs...
2025-08-04 14:35:59 Info: [WORKER PID: 1913][email] - starting to process background jobs...
2025-08-04 14:35:59 Info: [WORKER PID: 1929][cache] - starting to process background jobs...
2025-08-04 14:35:59 Info: [WORKER PID: 1939][cache] - starting to process background jobs...
2025-08-04 14:35:59 Info: [WORKER PID: 1952][cache] - starting to process background jobs...
2025-08-04 14:35:59 Info: [WORKER PID: 1962][cache] - starting to process background jobs...
2025-08-04 14:35:59 Info: [WORKER PID: 1990][prio] - starting to process background jobs...
2025-08-04 14:35:59 Info: [WORKER PID: 1992][prio] - starting to process background jobs...
2025-08-04 14:35:59 Info: [WORKER PID: 1997][prio] - starting to process background jobs...
2025-08-04 14:35:59 Info: [WORKER PID: 2009][prio] - starting to process background jobs...
2025-08-04 14:35:59 Info: [WORKER PID: 2014][update] - starting to process background jobs...
2025-08-04 14:35:59 Info: [WORKER PID: 2004][prio] - starting to process background jobs...
2025-08-04 14:35:59 Info: [WORKER PID: 1975][cache] - starting to process background jobs...
2025-08-04 18:26:00 Info: [WORKER PID: 52903][default] - starting to process background jobs...
2025-08-04 18:26:00 Info: [WORKER PID: 52909][prio] - starting to process background jobs...
2025-08-04 18:26:00 Info: [WORKER PID: 52914][default] - starting to process background jobs...
2025-08-04 18:26:00 Info: [WORKER PID: 52905][email] - starting to process background jobs...
2025-08-04 18:26:00 Info: [WORKER PID: 52907][email] - starting to process background jobs...
2025-08-04 18:26:00 Info: [WORKER PID: 52912][prio] - starting to process background jobs...
2025-08-04 18:26:00 Info: [WORKER PID: 52930][prio] - starting to process background jobs...
2025-08-04 18:26:00 Info: [WORKER PID: 52906][email] - starting to process background jobs...
2025-08-04 18:26:00 Info: [WORKER PID: 52926][cache] - starting to process background jobs...
2025-08-04 18:26:00 Info: [WORKER PID: 52902][prio] - starting to process background jobs...
2025-08-04 18:26:00 Info: [WORKER PID: 52901][cache] - starting to process background jobs...
2025-08-04 18:26:00 Info: [WORKER PID: 52908][cache] - starting to process background jobs...
2025-08-04 18:26:00 Info: [WORKER PID: 52916][default] - starting to process background jobs...
2025-08-04 18:26:00 Info: [WORKER PID: 52904][default] - starting to process background jobs...
2025-08-04 18:26:00 Info: [WORKER PID: 52913][update] - starting to process background jobs...
2025-08-04 18:26:01 Info: [WORKER PID: 53023][cache] - starting to process background jobs...
2025-08-04 18:26:08 Info: [WORKER PID: 53054][email] - starting to process background jobs...
2025-08-04 18:26:08 Info: [WORKER PID: 53062][email] - starting to process background jobs...
2025-08-04 18:26:09 Info: [WORKER PID: 53070][prio] - starting to process background jobs...
2025-08-05 14:36:13 Info: [WORKER PID: 1975][cache] - worker max execution time reached, exiting gracefully worker...
2025-08-05 14:36:13 Info: [WORKER PID: 1899][default] - worker max execution time reached, exiting gracefully worker...
2025-08-05 14:36:13 Info: [WORKER PID: 145237][default] - starting to process background jobs...
2025-08-05 14:36:13 Info: [WORKER PID: 145238][cache] - starting to process background jobs...
2025-08-06 11:12:35 Info: [WORKER PID: 53023][cache] - worker max execution time reached, exiting gracefully worker...
2025-08-06 11:12:35 Info: [WORKER PID: 52901][cache] - worker max execution time reached, exiting gracefully worker...
2025-08-06 11:12:35 Info: [WORKER PID: 53054][email] - worker max execution time reached, exiting gracefully worker...
2025-08-06 11:12:35 Info: [WORKER PID: 53062][email] - worker max execution time reached, exiting gracefully worker...
2025-08-06 11:12:35 Info: [WORKER PID: 52903][default] - worker max execution time reached, exiting gracefully worker...
2025-08-06 11:12:35 Info: [WORKER PID: 52907][email] - worker max execution time reached, exiting gracefully worker...
2025-08-06 11:12:35 Info: [WORKER PID: 52913][update] - worker max execution time reached, exiting gracefully worker...
2025-08-06 11:12:35 Info: [WORKER PID: 52926][cache] - worker max execution time reached, exiting gracefully worker...
2025-08-06 11:12:35 Info: [WORKER PID: 52930][prio] - worker max execution time reached, exiting gracefully worker...
2025-08-06 11:12:35 Info: [WORKER PID: 53070][prio] - worker max execution time reached, exiting gracefully worker...
2025-08-06 11:12:35 Info: [WORKER PID: 52908][cache] - worker max execution time reached, exiting gracefully worker...
2025-08-06 11:12:35 Info: [WORKER PID: 52912][prio] - worker max execution time reached, exiting gracefully worker...
2025-08-06 11:12:35 Info: [WORKER PID: 52905][email] - worker max execution time reached, exiting gracefully worker...
2025-08-06 11:12:35 Info: [WORKER PID: 52902][prio] - worker max execution time reached, exiting gracefully worker...
2025-08-06 11:12:35 Info: [WORKER PID: 52916][default] - worker max execution time reached, exiting gracefully worker...
2025-08-06 11:12:35 Info: [WORKER PID: 52914][default] - worker max execution time reached, exiting gracefully worker...
2025-08-06 11:12:35 Info: [WORKER PID: 52904][default] - worker max execution time reached, exiting gracefully worker...
2025-08-06 11:12:35 Info: [WORKER PID: 52906][email] - worker max execution time reached, exiting gracefully worker...
2025-08-06 11:12:36 Info: [WORKER PID: 52909][prio] - worker max execution time reached, exiting gracefully worker...
2025-08-06 11:12:38 Info: [WORKER PID: 149502][email] - starting to process background jobs...
2025-08-06 11:12:38 Info: [WORKER PID: 149497][prio] - starting to process background jobs...
2025-08-06 11:12:39 Info: [WORKER PID: 149520][cache] - starting to process background jobs...
2025-08-06 11:12:40 Info: [WORKER PID: 149519][email] - starting to process background jobs...
2025-08-06 11:12:42 Info: [WORKER PID: 149550][cache] - starting to process background jobs...
2025-08-06 11:12:42 Info: [WORKER PID: 149565][prio] - starting to process background jobs...
2025-08-06 11:12:42 Info: [WORKER PID: 149557][prio] - starting to process background jobs...
2025-08-06 11:12:43 Info: [WORKER PID: 149545][default] - starting to process background jobs...
2025-08-06 11:12:43 Info: [WORKER PID: 149559][email] - starting to process background jobs...
2025-08-06 11:12:43 Info: [WORKER PID: 149585][update] - starting to process background jobs...
2025-08-06 11:12:43 Info: [WORKER PID: 149537][cache] - starting to process background jobs...
2025-08-06 11:12:44 Info: [WORKER PID: 149598][cache] - starting to process background jobs...
2025-08-06 11:12:44 Info: [WORKER PID: 149615][email] - starting to process background jobs...
2025-08-06 11:12:44 Info: [WORKER PID: 149593][default] - starting to process background jobs...
2025-08-06 11:12:44 Info: [WORKER PID: 149602][prio] - starting to process background jobs...
2025-08-06 11:12:44 Info: [WORKER PID: 149649][default] - starting to process background jobs...
2025-08-06 11:12:45 Info: [WORKER PID: 149631][prio] - starting to process background jobs...
2025-08-06 11:12:45 Info: [WORKER PID: 149641][default] - starting to process background jobs...
2025-08-06 11:12:45 Info: [WORKER PID: 149657][email] - starting to process background jobs...
2025-08-06 12:07:48 Info: [WORKER PID: 161091][update] - starting to process background jobs...
2025-08-06 12:07:48 Info: [WORKER PID: 161183][email] - starting to process background jobs...
2025-08-06 12:07:48 Info: [WORKER PID: 161086][cache] - starting to process background jobs...
2025-08-06 12:07:48 Info: [WORKER PID: 161214][cache] - starting to process background jobs...
2025-08-06 12:07:48 Info: [WORKER PID: 161084][email] - starting to process background jobs...
2025-08-06 12:07:49 Info: [WORKER PID: 161234][prio] - starting to process background jobs...
2025-08-06 12:07:49 Info: [WORKER PID: 161090][prio] - starting to process background jobs...
2025-08-06 12:07:49 Info: [WORKER PID: 161087][prio] - starting to process background jobs...
2025-08-06 12:07:49 Info: [WORKER PID: 161186][cache] - starting to process background jobs...
2025-08-06 12:07:49 Info: [WORKER PID: 161165][email] - starting to process background jobs...
2025-08-06 12:07:49 Info: [WORKER PID: 161225][default] - starting to process background jobs...
2025-08-06 12:07:49 Info: [WORKER PID: 161082][default] - starting to process background jobs...
2025-08-06 12:07:49 Info: [WORKER PID: 161088][prio] - starting to process background jobs...
2025-08-06 12:07:49 Info: [WORKER PID: 161237][cache] - starting to process background jobs...
2025-08-06 12:07:49 Info: [WORKER PID: 161089][prio] - starting to process background jobs...
2025-08-06 12:07:49 Info: [WORKER PID: 161081][default] - starting to process background jobs...
2025-08-06 12:07:49 Info: [WORKER PID: 161198][default] - starting to process background jobs...
2025-08-06 12:07:49 Info: [WORKER PID: 161083][email] - starting to process background jobs...
2025-08-06 12:07:49 Info: [WORKER PID: 161080][default] - starting to process background jobs...
2025-08-06 12:07:50 Info: [WORKER PID: 161085][cache] - starting to process background jobs...
2025-08-06 12:07:53 Info: [WORKER PID: 161259][email] - starting to process background jobs...
2025-08-06 12:09:34 Info: [WORKER PID: 161410][email] - starting to process background jobs...
2025-08-06 12:09:34 Info: [WORKER PID: 161438][update] - starting to process background jobs...
2025-08-06 12:09:34 Info: [WORKER PID: 161411][email] - starting to process background jobs...
2025-08-06 12:09:34 Info: [WORKER PID: 161412][cache] - starting to process background jobs...
2025-08-06 12:09:34 Info: [WORKER PID: 161479][default] - starting to process background jobs...
2025-08-06 12:09:34 Info: [WORKER PID: 161434][cache] - starting to process background jobs...
2025-08-06 12:09:35 Info: [WORKER PID: 161431][cache] - starting to process background jobs...
2025-08-06 12:09:35 Info: [WORKER PID: 161429][email] - starting to process background jobs...
2025-08-06 12:09:35 Info: [WORKER PID: 161419][prio] - starting to process background jobs...
2025-08-06 12:09:35 Info: [WORKER PID: 161435][prio] - starting to process background jobs...
2025-08-06 12:09:35 Info: [WORKER PID: 161408][default] - starting to process background jobs...
2025-08-06 12:09:35 Info: [WORKER PID: 161452][default] - starting to process background jobs...
2025-08-06 12:09:36 Info: [WORKER PID: 161430][email] - starting to process background jobs...
2025-08-06 12:09:36 Info: [WORKER PID: 161432][cache] - starting to process background jobs...
2025-08-06 12:09:36 Info: [WORKER PID: 161486][default] - starting to process background jobs...
2025-08-06 12:09:36 Info: [WORKER PID: 161428][prio] - starting to process background jobs...
2025-08-06 12:09:37 Info: [WORKER PID: 161422][prio] - starting to process background jobs...
2025-08-06 12:09:37 Info: [WORKER PID: 161433][prio] - starting to process background jobs...
2025-08-06 12:09:37 Info: [WORKER PID: 161421][default] - starting to process background jobs...
2025-08-06 12:09:38 Info: [WORKER PID: 161413][cache] - starting to process background jobs...
2025-08-06 12:09:38 Info: [WORKER PID: 161409][email] - starting to process background jobs...
